<?xml version="1.0" encoding="UTF-8"?>
<testsuites name="login" time="45.174" tests="7" failures="0" errors="0">
   <testsuite name="login" tests="7" failures="0" errors="0" time="45.174" skipped="0" timestamp="21-03-2024T12:51:05" hostname="Michael - DESKTOP-CAK74HU" id="Test Suites/login">
      <properties>
         <property name="deviceName" value=""/>
         <property name="devicePlatform" value=""/>
         <property name="logFolder" value="C:\\Users\\Michael\\git\\katalon-automatization-test\\Reports\\20240321_125058\\login\\20240321_125058"/>
         <property name="logFiles" value="C:\\Users\\Michael\\git\\katalon-automatization-test\\Reports\\20240321_125058\\login\\20240321_125058\\execution0.log"/>
         <property name="attachments" value=""/>
         <property name="hostName" value="Michael - DESKTOP-CAK74HU"/>
         <property name="os" value="Windows 11 64bit"/>
         <property name="katalonVersion" value="9.2.0.212"/>
         <property name="browser" value="Edge Chromium 122"/>
         <property name="hostAddress" value="192.168.56.1"/>
         <property name="sessionId" value="563caf106ac68e8ccc8442693120a846"/>
         <property name="seleniumVersion" value="3.141.59"/>
         <property name="proxyInformation" value="ProxyInformation { proxyOption=NO_PROXY, proxyServerType=HTTP, username=, password=********, proxyServerAddress=, proxyServerPort=0, executionList=&quot;&quot;, isApplyToDesiredCapabilities=true }"/>
         <property name="platform" value="Windows 11"/>
      </properties>
      <testcase name="Test Cases/login/login01" time="7.76" classname="Test Cases/login/login01" status="PASSED">
         <system-out><![CDATA[21-03-2024T12:51:06 - [TEST_CASE][PASSED] - Test Cases/login/login01: Test Cases/login/login01

21-03-2024T12:51:06 - [TEST_STEP][PASSED] - openBrowser(""): Browser is opened with url: ''

21-03-2024T12:51:06 - [MESSAGE][INFO] - Starting 'Edge Chromium' driver

21-03-2024T12:51:08 - [MESSAGE][INFO] - Action delay is set to 0 milliseconds

21-03-2024T12:51:09 - [MESSAGE][PASSED] - Browser is opened with url: ''

21-03-2024T12:51:09 - [TEST_STEP][PASSED] - navigateToUrl("http://localhost:3000/"): Navigate to 'http://localhost:3000/' successfully

21-03-2024T12:51:09 - [MESSAGE][PASSED] - Navigate to 'http://localhost:3000/' successfully

21-03-2024T12:51:09 - [TEST_STEP][PASSED] - click(findTestObject("Object Repository/button_Log In")): Object: 'Object Repository/button_Log In' is clicked on

21-03-2024T12:51:10 - [MESSAGE][PASSED] - Object: 'Object Repository/button_Log In' is clicked on

21-03-2024T12:51:10 - [TEST_STEP][PASSED] - setText(findTestObject("Object Repository/input_User Name_username"), strUsername): Text 'gege' is set on object 'Object Repository/input_User Name_username'

21-03-2024T12:51:11 - [MESSAGE][PASSED] - Text 'gege' is set on object 'Object Repository/input_User Name_username'

21-03-2024T12:51:11 - [TEST_STEP][PASSED] - setEncryptedText(findTestObject("Object Repository/input_Password_password"), "tzH6RvlfSTg="): Text ****** has been set on object 'Object Repository/input_Password_password'

21-03-2024T12:51:11 - [MESSAGE][PASSED] - Text ****** has been set on object 'Object Repository/input_Password_password'

21-03-2024T12:51:11 - [TEST_STEP][PASSED] - click(findTestObject("Object Repository/button_Log In")): Object: 'Object Repository/button_Log In' is clicked on

21-03-2024T12:51:12 - [MESSAGE][PASSED] - Object: 'Object Repository/button_Log In' is clicked on

21-03-2024T12:51:12 - [TEST_STEP][PASSED] - verifyElementPresent(findTestObject("h1_Reservations"), 1): Object 'Object Repository/h1_Reservations' is present

21-03-2024T12:51:13 - [MESSAGE][PASSED] - Object 'Object Repository/h1_Reservations' is present]]></system-out>
         <system-err><![CDATA[]]></system-err>
      </testcase>
      <testcase name="Test Cases/login/login01" time="6.334" classname="Test Cases/login/login01" status="PASSED">
         <system-out><![CDATA[21-03-2024T12:51:13 - [TEST_CASE][PASSED] - Test Cases/login/login01: Test Cases/login/login01

21-03-2024T12:51:13 - [TEST_STEP][PASSED] - openBrowser(""): Browser is opened with url: ''

21-03-2024T12:51:13 - [MESSAGE][WARNING] - A browser is already opened. Closing browser and opening a new one

21-03-2024T12:51:14 - [MESSAGE][INFO] - Starting 'Edge Chromium' driver

21-03-2024T12:51:15 - [MESSAGE][INFO] - Action delay is set to 0 milliseconds

21-03-2024T12:51:16 - [MESSAGE][PASSED] - Browser is opened with url: ''

21-03-2024T12:51:16 - [TEST_STEP][PASSED] - navigateToUrl("http://localhost:3000/"): Navigate to 'http://localhost:3000/' successfully

21-03-2024T12:51:17 - [MESSAGE][PASSED] - Navigate to 'http://localhost:3000/' successfully

21-03-2024T12:51:17 - [TEST_STEP][PASSED] - click(findTestObject("Object Repository/button_Log In")): Object: 'Object Repository/button_Log In' is clicked on

21-03-2024T12:51:17 - [MESSAGE][PASSED] - Object: 'Object Repository/button_Log In' is clicked on

21-03-2024T12:51:17 - [TEST_STEP][PASSED] - setText(findTestObject("Object Repository/input_User Name_username"), strUsername): Text 'jperez' is set on object 'Object Repository/input_User Name_username'

21-03-2024T12:51:18 - [MESSAGE][PASSED] - Text 'jperez' is set on object 'Object Repository/input_User Name_username'

21-03-2024T12:51:18 - [TEST_STEP][PASSED] - setEncryptedText(findTestObject("Object Repository/input_Password_password"), "tzH6RvlfSTg="): Text ****** has been set on object 'Object Repository/input_Password_password'

21-03-2024T12:51:18 - [MESSAGE][PASSED] - Text ****** has been set on object 'Object Repository/input_Password_password'

21-03-2024T12:51:18 - [TEST_STEP][PASSED] - click(findTestObject("Object Repository/button_Log In")): Object: 'Object Repository/button_Log In' is clicked on

21-03-2024T12:51:19 - [MESSAGE][PASSED] - Object: 'Object Repository/button_Log In' is clicked on

21-03-2024T12:51:19 - [TEST_STEP][PASSED] - verifyElementPresent(findTestObject("h1_Reservations"), 1): Object 'Object Repository/h1_Reservations' is present

21-03-2024T12:51:20 - [MESSAGE][PASSED] - Object 'Object Repository/h1_Reservations' is present]]></system-out>
         <system-err><![CDATA[]]></system-err>
      </testcase>
      <testcase name="Test Cases/login/login01" time="6.208" classname="Test Cases/login/login01" status="PASSED">
         <system-out><![CDATA[21-03-2024T12:51:20 - [TEST_CASE][PASSED] - Test Cases/login/login01: Test Cases/login/login01

21-03-2024T12:51:20 - [TEST_STEP][PASSED] - openBrowser(""): Browser is opened with url: ''

21-03-2024T12:51:20 - [MESSAGE][WARNING] - A browser is already opened. Closing browser and opening a new one

21-03-2024T12:51:20 - [MESSAGE][INFO] - Starting 'Edge Chromium' driver

21-03-2024T12:51:22 - [MESSAGE][INFO] - Action delay is set to 0 milliseconds

21-03-2024T12:51:23 - [MESSAGE][PASSED] - Browser is opened with url: ''

21-03-2024T12:51:23 - [TEST_STEP][PASSED] - navigateToUrl("http://localhost:3000/"): Navigate to 'http://localhost:3000/' successfully

21-03-2024T12:51:23 - [MESSAGE][PASSED] - Navigate to 'http://localhost:3000/' successfully

21-03-2024T12:51:23 - [TEST_STEP][PASSED] - click(findTestObject("Object Repository/button_Log In")): Object: 'Object Repository/button_Log In' is clicked on

21-03-2024T12:51:24 - [MESSAGE][PASSED] - Object: 'Object Repository/button_Log In' is clicked on

21-03-2024T12:51:24 - [TEST_STEP][PASSED] - setText(findTestObject("Object Repository/input_User Name_username"), strUsername): Text 'j.grant' is set on object 'Object Repository/input_User Name_username'

21-03-2024T12:51:25 - [MESSAGE][PASSED] - Text 'j.grant' is set on object 'Object Repository/input_User Name_username'

21-03-2024T12:51:25 - [TEST_STEP][PASSED] - setEncryptedText(findTestObject("Object Repository/input_Password_password"), "tzH6RvlfSTg="): Text ****** has been set on object 'Object Repository/input_Password_password'

21-03-2024T12:51:25 - [MESSAGE][PASSED] - Text ****** has been set on object 'Object Repository/input_Password_password'

21-03-2024T12:51:25 - [TEST_STEP][PASSED] - click(findTestObject("Object Repository/button_Log In")): Object: 'Object Repository/button_Log In' is clicked on

21-03-2024T12:51:25 - [MESSAGE][PASSED] - Object: 'Object Repository/button_Log In' is clicked on

21-03-2024T12:51:25 - [TEST_STEP][PASSED] - verifyElementPresent(findTestObject("h1_Reservations"), 1): Object 'Object Repository/h1_Reservations' is present

21-03-2024T12:51:26 - [MESSAGE][PASSED] - Object 'Object Repository/h1_Reservations' is present]]></system-out>
         <system-err><![CDATA[]]></system-err>
      </testcase>
      <testcase name="Test Cases/login/login01" time="5.888" classname="Test Cases/login/login01" status="PASSED">
         <system-out><![CDATA[21-03-2024T12:51:26 - [TEST_CASE][PASSED] - Test Cases/login/login01: Test Cases/login/login01

21-03-2024T12:51:26 - [TEST_STEP][PASSED] - openBrowser(""): Browser is opened with url: ''

21-03-2024T12:51:26 - [MESSAGE][WARNING] - A browser is already opened. Closing browser and opening a new one

21-03-2024T12:51:26 - [MESSAGE][INFO] - Starting 'Edge Chromium' driver

21-03-2024T12:51:28 - [MESSAGE][INFO] - Action delay is set to 0 milliseconds

21-03-2024T12:51:28 - [MESSAGE][PASSED] - Browser is opened with url: ''

21-03-2024T12:51:28 - [TEST_STEP][PASSED] - navigateToUrl("http://localhost:3000/"): Navigate to 'http://localhost:3000/' successfully

21-03-2024T12:51:29 - [MESSAGE][PASSED] - Navigate to 'http://localhost:3000/' successfully

21-03-2024T12:51:29 - [TEST_STEP][PASSED] - click(findTestObject("Object Repository/button_Log In")): Object: 'Object Repository/button_Log In' is clicked on

21-03-2024T12:51:30 - [MESSAGE][PASSED] - Object: 'Object Repository/button_Log In' is clicked on

21-03-2024T12:51:30 - [TEST_STEP][PASSED] - setText(findTestObject("Object Repository/input_User Name_username"), strUsername): Text 'n.alexandrie' is set on object 'Object Repository/input_User Name_username'

21-03-2024T12:51:30 - [MESSAGE][PASSED] - Text 'n.alexandrie' is set on object 'Object Repository/input_User Name_username'

21-03-2024T12:51:30 - [TEST_STEP][PASSED] - setEncryptedText(findTestObject("Object Repository/input_Password_password"), "tzH6RvlfSTg="): Text ****** has been set on object 'Object Repository/input_Password_password'

21-03-2024T12:51:31 - [MESSAGE][PASSED] - Text ****** has been set on object 'Object Repository/input_Password_password'

21-03-2024T12:51:31 - [TEST_STEP][PASSED] - click(findTestObject("Object Repository/button_Log In")): Object: 'Object Repository/button_Log In' is clicked on

21-03-2024T12:51:31 - [MESSAGE][PASSED] - Object: 'Object Repository/button_Log In' is clicked on

21-03-2024T12:51:31 - [TEST_STEP][PASSED] - verifyElementPresent(findTestObject("h1_Reservations"), 1): Object 'Object Repository/h1_Reservations' is present

21-03-2024T12:51:32 - [MESSAGE][PASSED] - Object 'Object Repository/h1_Reservations' is present]]></system-out>
         <system-err><![CDATA[]]></system-err>
      </testcase>
      <testcase name="Test Cases/login/login01" time="5.791" classname="Test Cases/login/login01" status="PASSED">
         <system-out><![CDATA[21-03-2024T12:51:32 - [TEST_CASE][PASSED] - Test Cases/login/login01: Test Cases/login/login01

21-03-2024T12:51:32 - [TEST_STEP][PASSED] - openBrowser(""): Browser is opened with url: ''

21-03-2024T12:51:32 - [MESSAGE][WARNING] - A browser is already opened. Closing browser and opening a new one

21-03-2024T12:51:32 - [MESSAGE][INFO] - Starting 'Edge Chromium' driver

21-03-2024T12:51:34 - [MESSAGE][INFO] - Action delay is set to 0 milliseconds

21-03-2024T12:51:34 - [MESSAGE][PASSED] - Browser is opened with url: ''

21-03-2024T12:51:34 - [TEST_STEP][PASSED] - navigateToUrl("http://localhost:3000/"): Navigate to 'http://localhost:3000/' successfully

21-03-2024T12:51:35 - [MESSAGE][PASSED] - Navigate to 'http://localhost:3000/' successfully

21-03-2024T12:51:35 - [TEST_STEP][PASSED] - click(findTestObject("Object Repository/button_Log In")): Object: 'Object Repository/button_Log In' is clicked on

21-03-2024T12:51:35 - [MESSAGE][PASSED] - Object: 'Object Repository/button_Log In' is clicked on

21-03-2024T12:51:35 - [TEST_STEP][PASSED] - setText(findTestObject("Object Repository/input_User Name_username"), strUsername): Text 'g.miroslav' is set on object 'Object Repository/input_User Name_username'

21-03-2024T12:51:36 - [MESSAGE][PASSED] - Text 'g.miroslav' is set on object 'Object Repository/input_User Name_username'

21-03-2024T12:51:36 - [TEST_STEP][PASSED] - setEncryptedText(findTestObject("Object Repository/input_Password_password"), "tzH6RvlfSTg="): Text ****** has been set on object 'Object Repository/input_Password_password'

21-03-2024T12:51:37 - [MESSAGE][PASSED] - Text ****** has been set on object 'Object Repository/input_Password_password'

21-03-2024T12:51:37 - [TEST_STEP][PASSED] - click(findTestObject("Object Repository/button_Log In")): Object: 'Object Repository/button_Log In' is clicked on

21-03-2024T12:51:37 - [MESSAGE][PASSED] - Object: 'Object Repository/button_Log In' is clicked on

21-03-2024T12:51:37 - [TEST_STEP][PASSED] - verifyElementPresent(findTestObject("h1_Reservations"), 1): Object 'Object Repository/h1_Reservations' is present

21-03-2024T12:51:38 - [MESSAGE][PASSED] - Object 'Object Repository/h1_Reservations' is present]]></system-out>
         <system-err><![CDATA[]]></system-err>
      </testcase>
      <testcase name="Test Cases/login/login01" time="6.933" classname="Test Cases/login/login01" status="PASSED">
         <system-out><![CDATA[21-03-2024T12:51:38 - [TEST_CASE][PASSED] - Test Cases/login/login01: Test Cases/login/login01

21-03-2024T12:51:38 - [TEST_STEP][PASSED] - openBrowser(""): Browser is opened with url: ''

21-03-2024T12:51:38 - [MESSAGE][WARNING] - A browser is already opened. Closing browser and opening a new one

21-03-2024T12:51:39 - [MESSAGE][INFO] - Starting 'Edge Chromium' driver

21-03-2024T12:51:41 - [MESSAGE][INFO] - Action delay is set to 0 milliseconds

21-03-2024T12:51:41 - [MESSAGE][PASSED] - Browser is opened with url: ''

21-03-2024T12:51:41 - [TEST_STEP][PASSED] - navigateToUrl("http://localhost:3000/"): Navigate to 'http://localhost:3000/' successfully

21-03-2024T12:51:42 - [MESSAGE][PASSED] - Navigate to 'http://localhost:3000/' successfully

21-03-2024T12:51:42 - [TEST_STEP][PASSED] - click(findTestObject("Object Repository/button_Log In")): Object: 'Object Repository/button_Log In' is clicked on

21-03-2024T12:51:42 - [MESSAGE][PASSED] - Object: 'Object Repository/button_Log In' is clicked on

21-03-2024T12:51:42 - [TEST_STEP][PASSED] - setText(findTestObject("Object Repository/input_User Name_username"), strUsername): Text 'p.shaquila' is set on object 'Object Repository/input_User Name_username'

21-03-2024T12:51:43 - [MESSAGE][PASSED] - Text 'p.shaquila' is set on object 'Object Repository/input_User Name_username'

21-03-2024T12:51:43 - [TEST_STEP][PASSED] - setEncryptedText(findTestObject("Object Repository/input_Password_password"), "tzH6RvlfSTg="): Text ****** has been set on object 'Object Repository/input_Password_password'

21-03-2024T12:51:44 - [MESSAGE][PASSED] - Text ****** has been set on object 'Object Repository/input_Password_password'

21-03-2024T12:51:44 - [TEST_STEP][PASSED] - click(findTestObject("Object Repository/button_Log In")): Object: 'Object Repository/button_Log In' is clicked on

21-03-2024T12:51:44 - [MESSAGE][PASSED] - Object: 'Object Repository/button_Log In' is clicked on

21-03-2024T12:51:44 - [TEST_STEP][PASSED] - verifyElementPresent(findTestObject("h1_Reservations"), 1): Object 'Object Repository/h1_Reservations' is present

21-03-2024T12:51:45 - [MESSAGE][PASSED] - Object 'Object Repository/h1_Reservations' is present]]></system-out>
         <system-err><![CDATA[]]></system-err>
      </testcase>
      <testcase name="Test Cases/login/login01" time="5.953" classname="Test Cases/login/login01" status="PASSED">
         <system-out><![CDATA[21-03-2024T12:51:45 - [TEST_CASE][PASSED] - Test Cases/login/login01: Test Cases/login/login01

21-03-2024T12:51:45 - [TEST_STEP][PASSED] - openBrowser(""): Browser is opened with url: ''

21-03-2024T12:51:45 - [MESSAGE][WARNING] - A browser is already opened. Closing browser and opening a new one

21-03-2024T12:51:45 - [MESSAGE][INFO] - Starting 'Edge Chromium' driver

21-03-2024T12:51:47 - [MESSAGE][INFO] - Action delay is set to 0 milliseconds

21-03-2024T12:51:47 - [MESSAGE][PASSED] - Browser is opened with url: ''

21-03-2024T12:51:47 - [TEST_STEP][PASSED] - navigateToUrl("http://localhost:3000/"): Navigate to 'http://localhost:3000/' successfully

21-03-2024T12:51:48 - [MESSAGE][PASSED] - Navigate to 'http://localhost:3000/' successfully

21-03-2024T12:51:48 - [TEST_STEP][PASSED] - click(findTestObject("Object Repository/button_Log In")): Object: 'Object Repository/button_Log In' is clicked on

21-03-2024T12:51:48 - [MESSAGE][PASSED] - Object: 'Object Repository/button_Log In' is clicked on

21-03-2024T12:51:48 - [TEST_STEP][PASSED] - setText(findTestObject("Object Repository/input_User Name_username"), strUsername): Text 'a.henryka' is set on object 'Object Repository/input_User Name_username'

21-03-2024T12:51:49 - [MESSAGE][PASSED] - Text 'a.henryka' is set on object 'Object Repository/input_User Name_username'

21-03-2024T12:51:49 - [TEST_STEP][PASSED] - setEncryptedText(findTestObject("Object Repository/input_Password_password"), "tzH6RvlfSTg="): Text ****** has been set on object 'Object Repository/input_Password_password'

21-03-2024T12:51:50 - [MESSAGE][PASSED] - Text ****** has been set on object 'Object Repository/input_Password_password'

21-03-2024T12:51:50 - [TEST_STEP][PASSED] - click(findTestObject("Object Repository/button_Log In")): Object: 'Object Repository/button_Log In' is clicked on

21-03-2024T12:51:50 - [MESSAGE][PASSED] - Object: 'Object Repository/button_Log In' is clicked on

21-03-2024T12:51:50 - [TEST_STEP][PASSED] - verifyElementPresent(findTestObject("h1_Reservations"), 1): Object 'Object Repository/h1_Reservations' is present

21-03-2024T12:51:51 - [MESSAGE][PASSED] - Object 'Object Repository/h1_Reservations' is present]]></system-out>
         <system-err><![CDATA[]]></system-err>
      </testcase>
      <system-out><![CDATA[21-03-2024T12:51:05 - [TEST_SUITE][PASSED] - login: Test Cases/login/login01]]></system-out>
      <system-err><![CDATA[]]></system-err>
   </testsuite>
</testsuites>
