<?xml version="1.0" encoding="UTF-8"?>
<testsuites name="managereserve02" time="12.248" tests="2" failures="0" errors="0">
   <testsuite name="managereserve02" tests="2" failures="0" errors="0" time="12.248" skipped="0" timestamp="21-03-2024T05:01:26" hostname="Michael - DESKTOP-CAK74HU" id="Test Suites/managereserve02">
      <properties>
         <property name="deviceName" value=""/>
         <property name="devicePlatform" value=""/>
         <property name="logFolder" value="C:\\Users\\Michael\\git\\katalon-automatization-test\\Reports\\20240321_050119\\managereserve02\\20240321_050119"/>
         <property name="logFiles" value="C:\\Users\\Michael\\git\\katalon-automatization-test\\Reports\\20240321_050119\\managereserve02\\20240321_050119\\execution0.log"/>
         <property name="attachments" value=""/>
         <property name="hostName" value="Michael - DESKTOP-CAK74HU"/>
         <property name="os" value="Windows 11 64bit"/>
         <property name="katalonVersion" value="9.2.0.212"/>
         <property name="browser" value="Edge Chromium 122"/>
         <property name="hostAddress" value="192.168.56.1"/>
         <property name="sessionId" value="8f9059fc802b49a02521bad4bec673f0"/>
         <property name="seleniumVersion" value="3.141.59"/>
         <property name="proxyInformation" value="ProxyInformation { proxyOption=NO_PROXY, proxyServerType=HTTP, username=, password=********, proxyServerAddress=, proxyServerPort=0, executionList=&quot;&quot;, isApplyToDesiredCapabilities=true }"/>
         <property name="platform" value="Windows 11"/>
      </properties>
      <testcase name="Test Cases/login01" time="7.7" classname="Test Cases/login01" status="PASSED">
         <system-out><![CDATA[21-03-2024T05:01:27 - [TEST_CASE][PASSED] - Test Cases/login01: Test Cases/login01

21-03-2024T05:01:27 - [TEST_STEP][PASSED] - openBrowser(""): Browser is opened with url: ''

21-03-2024T05:01:27 - [MESSAGE][INFO] - Starting 'Edge Chromium' driver

21-03-2024T05:01:29 - [MESSAGE][INFO] - Action delay is set to 0 milliseconds

21-03-2024T05:01:30 - [MESSAGE][PASSED] - Browser is opened with url: ''

21-03-2024T05:01:30 - [TEST_STEP][PASSED] - navigateToUrl("http://localhost:3000/"): Navigate to 'http://localhost:3000/' successfully

21-03-2024T05:01:31 - [MESSAGE][PASSED] - Navigate to 'http://localhost:3000/' successfully

21-03-2024T05:01:31 - [TEST_STEP][PASSED] - click(findTestObject("Object Repository/button_Log In")): Object: 'Object Repository/button_Log In' is clicked on

21-03-2024T05:01:31 - [MESSAGE][PASSED] - Object: 'Object Repository/button_Log In' is clicked on

21-03-2024T05:01:31 - [TEST_STEP][PASSED] - setText(findTestObject("Object Repository/input_User Name_username"), "gege"): Text 'gege' is set on object 'Object Repository/input_User Name_username'

21-03-2024T05:01:32 - [MESSAGE][PASSED] - Text 'gege' is set on object 'Object Repository/input_User Name_username'

21-03-2024T05:01:32 - [TEST_STEP][PASSED] - setEncryptedText(findTestObject("Object Repository/input_Password_password"), "tzH6RvlfSTg="): Text ****** has been set on object 'Object Repository/input_Password_password'

21-03-2024T05:01:33 - [MESSAGE][PASSED] - Text ****** has been set on object 'Object Repository/input_Password_password'

21-03-2024T05:01:33 - [TEST_STEP][PASSED] - click(findTestObject("Object Repository/button_Log In")): Object: 'Object Repository/button_Log In' is clicked on

21-03-2024T05:01:33 - [MESSAGE][PASSED] - Object: 'Object Repository/button_Log In' is clicked on

21-03-2024T05:01:33 - [TEST_STEP][PASSED] - verifyElementPresent(findTestObject("h1_Reservations"), 1): Object 'Object Repository/h1_Reservations' is present

21-03-2024T05:01:34 - [MESSAGE][PASSED] - Object 'Object Repository/h1_Reservations' is present]]></system-out>
         <system-err><![CDATA[]]></system-err>
      </testcase>
      <testcase name="Test Cases/managereserve02" time="4.412" classname="Test Cases/managereserve02" status="PASSED">
         <system-out><![CDATA[21-03-2024T05:01:34 - [TEST_CASE][PASSED] - Test Cases/managereserve02: Test Cases/managereserve02

21-03-2024T05:01:34 - [TEST_STEP][PASSED] - click(findTestObject("Object Repository/a_Add Reservation")): Object: 'Object Repository/a_Add Reservation' is clicked on

21-03-2024T05:01:35 - [MESSAGE][PASSED] - Object: 'Object Repository/a_Add Reservation' is clicked on

21-03-2024T05:01:35 - [TEST_STEP][PASSED] - setText(findTestObject("Object Repository/input_Date_date"), "3250020240930am"): Text '3250020240930am' is set on object 'Object Repository/input_Date_date'

21-03-2024T05:01:36 - [MESSAGE][PASSED] - Text '3250020240930am' is set on object 'Object Repository/input_Date_date'

21-03-2024T05:01:36 - [TEST_STEP][PASSED] - selectOptionByValue(findTestObject("Object Repository/select_Select OneMilano"), "65e7e96a252eb9de416d5e0f", true): All options with value '65e7e96a252eb9de416d5e0f' are selected in object 'Object Repository/select_Select OneMilano'  using regular expression

21-03-2024T05:01:37 - [MESSAGE][PASSED] - All options with value '65e7e96a252eb9de416d5e0f' are selected in object 'Object Repository/select_Select OneMilano'  using regular expression

21-03-2024T05:01:37 - [TEST_STEP][PASSED] - selectOptionByValue(findTestObject("select_Select OneOrder 1 - Capacity 1Order 2 - Capacity 2Order 3 - Capacity 3Order 4 - Capacity 4"), "65ef4ddb5d4dbe4ab7d923d3", true): All options with value '65ef4ddb5d4dbe4ab7d923d3' are selected in object 'Object Repository/select_Select OneOrder 1 - Capacity 1Order 2 - Capacity 2Order 3 - Capacity 3Order 4 - Capacity 4'  using regular expression

21-03-2024T05:01:38 - [MESSAGE][PASSED] - All options with value '65ef4ddb5d4dbe4ab7d923d3' are selected in object 'Object Repository/select_Select OneOrder 1 - Capacity 1Order 2 - Capacity 2Order 3 - Capacity 3Order 4 - Capacity 4'  using regular expression

21-03-2024T05:01:38 - [TEST_STEP][PASSED] - click(findTestObject("Object Repository/button_Create Reservation")): Object: 'Object Repository/button_Create Reservation' is clicked on

21-03-2024T05:01:38 - [MESSAGE][PASSED] - Object: 'Object Repository/button_Create Reservation' is clicked on

21-03-2024T05:01:38 - [TEST_STEP][PASSED] - verifyElementPresent(findTestObject("div_This hour is not available"), 1): Object 'Object Repository/div_This hour is not available' is present

21-03-2024T05:01:39 - [MESSAGE][PASSED] - Object 'Object Repository/div_This hour is not available' is present

21-03-2024T05:01:39 - [TEST_STEP][PASSED] - closeBrowser(): Browser is closed

21-03-2024T05:01:39 - [MESSAGE][PASSED] - Browser is closed]]></system-out>
         <system-err><![CDATA[]]></system-err>
      </testcase>
      <system-out><![CDATA[21-03-2024T05:01:26 - [TEST_SUITE][PASSED] - managereserve02: Test Cases/managereserve02]]></system-out>
      <system-err><![CDATA[]]></system-err>
   </testsuite>
</testsuites>
