<?xml version="1.0" encoding="UTF-8"?>
<testsuites name="login" time="33.085" tests="5" failures="0" errors="0">
   <testsuite name="login" tests="5" failures="0" errors="0" time="33.085" skipped="0" timestamp="21-03-2024T11:57:05" hostname="Michael - DESKTOP-CAK74HU" id="Test Suites/login">
      <properties>
         <property name="deviceName" value=""/>
         <property name="devicePlatform" value=""/>
         <property name="logFolder" value="C:\\Users\\Michael\\git\\katalon-automatization-test\\Reports\\20240321_115656\\login\\20240321_115656"/>
         <property name="logFiles" value="C:\\Users\\Michael\\git\\katalon-automatization-test\\Reports\\20240321_115656\\login\\20240321_115656\\execution0.log"/>
         <property name="attachments" value=""/>
         <property name="hostName" value="Michael - DESKTOP-CAK74HU"/>
         <property name="os" value="Windows 11 64bit"/>
         <property name="katalonVersion" value="9.2.0.212"/>
         <property name="browser" value="Edge Chromium 122"/>
         <property name="hostAddress" value="192.168.56.1"/>
         <property name="sessionId" value="d15aee407247806efe28f18476fa8111"/>
         <property name="seleniumVersion" value="3.141.59"/>
         <property name="proxyInformation" value="ProxyInformation { proxyOption=NO_PROXY, proxyServerType=HTTP, username=, password=********, proxyServerAddress=, proxyServerPort=0, executionList=&quot;&quot;, isApplyToDesiredCapabilities=true }"/>
         <property name="platform" value="Windows 11"/>
      </properties>
      <testcase name="Test Cases/login/login01" time="7.792" classname="Test Cases/login/login01" status="PASSED">
         <system-out><![CDATA[21-03-2024T11:57:05 - [TEST_CASE][PASSED] - Test Cases/login/login01: Test Cases/login/login01

21-03-2024T11:57:05 - [TEST_STEP][PASSED] - openBrowser(""): Browser is opened with url: ''

21-03-2024T11:57:06 - [MESSAGE][INFO] - Starting 'Edge Chromium' driver

21-03-2024T11:57:08 - [MESSAGE][INFO] - Action delay is set to 0 milliseconds

21-03-2024T11:57:09 - [MESSAGE][PASSED] - Browser is opened with url: ''

21-03-2024T11:57:09 - [TEST_STEP][PASSED] - navigateToUrl("http://localhost:3000/"): Navigate to 'http://localhost:3000/' successfully

21-03-2024T11:57:09 - [MESSAGE][PASSED] - Navigate to 'http://localhost:3000/' successfully

21-03-2024T11:57:09 - [TEST_STEP][PASSED] - click(findTestObject("Object Repository/button_Log In")): Object: 'Object Repository/button_Log In' is clicked on

21-03-2024T11:57:10 - [MESSAGE][PASSED] - Object: 'Object Repository/button_Log In' is clicked on

21-03-2024T11:57:10 - [TEST_STEP][PASSED] - setText(findTestObject("Object Repository/input_User Name_username"), strUsername): Text 'gege' is set on object 'Object Repository/input_User Name_username'

21-03-2024T11:57:11 - [MESSAGE][PASSED] - Text 'gege' is set on object 'Object Repository/input_User Name_username'

21-03-2024T11:57:11 - [TEST_STEP][PASSED] - setEncryptedText(findTestObject("Object Repository/input_Password_password"), "tzH6RvlfSTg="): Text ****** has been set on object 'Object Repository/input_Password_password'

21-03-2024T11:57:11 - [MESSAGE][PASSED] - Text ****** has been set on object 'Object Repository/input_Password_password'

21-03-2024T11:57:11 - [TEST_STEP][PASSED] - click(findTestObject("Object Repository/button_Log In")): Object: 'Object Repository/button_Log In' is clicked on

21-03-2024T11:57:12 - [MESSAGE][PASSED] - Object: 'Object Repository/button_Log In' is clicked on

21-03-2024T11:57:12 - [TEST_STEP][PASSED] - verifyElementPresent(findTestObject("h1_Reservations"), 1): Object 'Object Repository/h1_Reservations' is present

21-03-2024T11:57:13 - [MESSAGE][PASSED] - Object 'Object Repository/h1_Reservations' is present]]></system-out>
         <system-err><![CDATA[]]></system-err>
      </testcase>
      <testcase name="Test Cases/login/login01" time="6.622" classname="Test Cases/login/login01" status="PASSED">
         <system-out><![CDATA[21-03-2024T11:57:13 - [TEST_CASE][PASSED] - Test Cases/login/login01: Test Cases/login/login01

21-03-2024T11:57:13 - [TEST_STEP][PASSED] - openBrowser(""): Browser is opened with url: ''

21-03-2024T11:57:13 - [MESSAGE][WARNING] - A browser is already opened. Closing browser and opening a new one

21-03-2024T11:57:13 - [MESSAGE][INFO] - Starting 'Edge Chromium' driver

21-03-2024T11:57:15 - [MESSAGE][INFO] - Action delay is set to 0 milliseconds

21-03-2024T11:57:16 - [MESSAGE][PASSED] - Browser is opened with url: ''

21-03-2024T11:57:16 - [TEST_STEP][PASSED] - navigateToUrl("http://localhost:3000/"): Navigate to 'http://localhost:3000/' successfully

21-03-2024T11:57:17 - [MESSAGE][PASSED] - Navigate to 'http://localhost:3000/' successfully

21-03-2024T11:57:17 - [TEST_STEP][PASSED] - click(findTestObject("Object Repository/button_Log In")): Object: 'Object Repository/button_Log In' is clicked on

21-03-2024T11:57:17 - [MESSAGE][PASSED] - Object: 'Object Repository/button_Log In' is clicked on

21-03-2024T11:57:17 - [TEST_STEP][PASSED] - setText(findTestObject("Object Repository/input_User Name_username"), strUsername): Text 'jperez' is set on object 'Object Repository/input_User Name_username'

21-03-2024T11:57:18 - [MESSAGE][PASSED] - Text 'jperez' is set on object 'Object Repository/input_User Name_username'

21-03-2024T11:57:18 - [TEST_STEP][PASSED] - setEncryptedText(findTestObject("Object Repository/input_Password_password"), "tzH6RvlfSTg="): Text ****** has been set on object 'Object Repository/input_Password_password'

21-03-2024T11:57:18 - [MESSAGE][PASSED] - Text ****** has been set on object 'Object Repository/input_Password_password'

21-03-2024T11:57:18 - [TEST_STEP][PASSED] - click(findTestObject("Object Repository/button_Log In")): Object: 'Object Repository/button_Log In' is clicked on

21-03-2024T11:57:19 - [MESSAGE][PASSED] - Object: 'Object Repository/button_Log In' is clicked on

21-03-2024T11:57:19 - [TEST_STEP][PASSED] - verifyElementPresent(findTestObject("h1_Reservations"), 1): Object 'Object Repository/h1_Reservations' is present

21-03-2024T11:57:20 - [MESSAGE][PASSED] - Object 'Object Repository/h1_Reservations' is present]]></system-out>
         <system-err><![CDATA[]]></system-err>
      </testcase>
      <testcase name="Test Cases/login/login01" time="6.218" classname="Test Cases/login/login01" status="PASSED">
         <system-out><![CDATA[21-03-2024T11:57:20 - [TEST_CASE][PASSED] - Test Cases/login/login01: Test Cases/login/login01

21-03-2024T11:57:20 - [TEST_STEP][PASSED] - openBrowser(""): Browser is opened with url: ''

21-03-2024T11:57:20 - [MESSAGE][WARNING] - A browser is already opened. Closing browser and opening a new one

21-03-2024T11:57:20 - [MESSAGE][INFO] - Starting 'Edge Chromium' driver

21-03-2024T11:57:22 - [MESSAGE][INFO] - Action delay is set to 0 milliseconds

21-03-2024T11:57:23 - [MESSAGE][PASSED] - Browser is opened with url: ''

21-03-2024T11:57:23 - [TEST_STEP][PASSED] - navigateToUrl("http://localhost:3000/"): Navigate to 'http://localhost:3000/' successfully

21-03-2024T11:57:23 - [MESSAGE][PASSED] - Navigate to 'http://localhost:3000/' successfully

21-03-2024T11:57:23 - [TEST_STEP][PASSED] - click(findTestObject("Object Repository/button_Log In")): Object: 'Object Repository/button_Log In' is clicked on

21-03-2024T11:57:24 - [MESSAGE][PASSED] - Object: 'Object Repository/button_Log In' is clicked on

21-03-2024T11:57:24 - [TEST_STEP][PASSED] - setText(findTestObject("Object Repository/input_User Name_username"), strUsername): Text 'automatization' is set on object 'Object Repository/input_User Name_username'

21-03-2024T11:57:25 - [MESSAGE][PASSED] - Text 'automatization' is set on object 'Object Repository/input_User Name_username'

21-03-2024T11:57:25 - [TEST_STEP][PASSED] - setEncryptedText(findTestObject("Object Repository/input_Password_password"), "tzH6RvlfSTg="): Text ****** has been set on object 'Object Repository/input_Password_password'

21-03-2024T11:57:25 - [MESSAGE][PASSED] - Text ****** has been set on object 'Object Repository/input_Password_password'

21-03-2024T11:57:25 - [TEST_STEP][PASSED] - click(findTestObject("Object Repository/button_Log In")): Object: 'Object Repository/button_Log In' is clicked on

21-03-2024T11:57:25 - [MESSAGE][PASSED] - Object: 'Object Repository/button_Log In' is clicked on

21-03-2024T11:57:25 - [TEST_STEP][PASSED] - verifyElementPresent(findTestObject("h1_Reservations"), 1): Object 'Object Repository/h1_Reservations' is present

21-03-2024T11:57:26 - [MESSAGE][PASSED] - Object 'Object Repository/h1_Reservations' is present]]></system-out>
         <system-err><![CDATA[]]></system-err>
      </testcase>
      <testcase name="Test Cases/login/login01" time="5.884" classname="Test Cases/login/login01" status="PASSED">
         <system-out><![CDATA[21-03-2024T11:57:26 - [TEST_CASE][PASSED] - Test Cases/login/login01: Test Cases/login/login01

21-03-2024T11:57:26 - [TEST_STEP][PASSED] - openBrowser(""): Browser is opened with url: ''

21-03-2024T11:57:26 - [MESSAGE][WARNING] - A browser is already opened. Closing browser and opening a new one

21-03-2024T11:57:26 - [MESSAGE][INFO] - Starting 'Edge Chromium' driver

21-03-2024T11:57:28 - [MESSAGE][INFO] - Action delay is set to 0 milliseconds

21-03-2024T11:57:28 - [MESSAGE][PASSED] - Browser is opened with url: ''

21-03-2024T11:57:28 - [TEST_STEP][PASSED] - navigateToUrl("http://localhost:3000/"): Navigate to 'http://localhost:3000/' successfully

21-03-2024T11:57:29 - [MESSAGE][PASSED] - Navigate to 'http://localhost:3000/' successfully

21-03-2024T11:57:29 - [TEST_STEP][PASSED] - click(findTestObject("Object Repository/button_Log In")): Object: 'Object Repository/button_Log In' is clicked on

21-03-2024T11:57:30 - [MESSAGE][PASSED] - Object: 'Object Repository/button_Log In' is clicked on

21-03-2024T11:57:30 - [TEST_STEP][PASSED] - setText(findTestObject("Object Repository/input_User Name_username"), strUsername): Text 'jojo' is set on object 'Object Repository/input_User Name_username'

21-03-2024T11:57:30 - [MESSAGE][PASSED] - Text 'jojo' is set on object 'Object Repository/input_User Name_username'

21-03-2024T11:57:30 - [TEST_STEP][PASSED] - setEncryptedText(findTestObject("Object Repository/input_Password_password"), "tzH6RvlfSTg="): Text ****** has been set on object 'Object Repository/input_Password_password'

21-03-2024T11:57:31 - [MESSAGE][PASSED] - Text ****** has been set on object 'Object Repository/input_Password_password'

21-03-2024T11:57:31 - [TEST_STEP][PASSED] - click(findTestObject("Object Repository/button_Log In")): Object: 'Object Repository/button_Log In' is clicked on

21-03-2024T11:57:31 - [MESSAGE][PASSED] - Object: 'Object Repository/button_Log In' is clicked on

21-03-2024T11:57:31 - [TEST_STEP][PASSED] - verifyElementPresent(findTestObject("h1_Reservations"), 1): Object 'Object Repository/h1_Reservations' is present

21-03-2024T11:57:32 - [MESSAGE][PASSED] - Object 'Object Repository/h1_Reservations' is present]]></system-out>
         <system-err><![CDATA[]]></system-err>
      </testcase>
      <testcase name="Test Cases/login/login01" time="6.229" classname="Test Cases/login/login01" status="PASSED">
         <system-out><![CDATA[21-03-2024T11:57:32 - [TEST_CASE][PASSED] - Test Cases/login/login01: Test Cases/login/login01

21-03-2024T11:57:32 - [TEST_STEP][PASSED] - openBrowser(""): Browser is opened with url: ''

21-03-2024T11:57:32 - [MESSAGE][WARNING] - A browser is already opened. Closing browser and opening a new one

21-03-2024T11:57:32 - [MESSAGE][INFO] - Starting 'Edge Chromium' driver

21-03-2024T11:57:34 - [MESSAGE][INFO] - Action delay is set to 0 milliseconds

21-03-2024T11:57:35 - [MESSAGE][PASSED] - Browser is opened with url: ''

21-03-2024T11:57:35 - [TEST_STEP][PASSED] - navigateToUrl("http://localhost:3000/"): Navigate to 'http://localhost:3000/' successfully

21-03-2024T11:57:35 - [MESSAGE][PASSED] - Navigate to 'http://localhost:3000/' successfully

21-03-2024T11:57:35 - [TEST_STEP][PASSED] - click(findTestObject("Object Repository/button_Log In")): Object: 'Object Repository/button_Log In' is clicked on

21-03-2024T11:57:36 - [MESSAGE][PASSED] - Object: 'Object Repository/button_Log In' is clicked on

21-03-2024T11:57:36 - [TEST_STEP][PASSED] - setText(findTestObject("Object Repository/input_User Name_username"), strUsername): Text 'pepe' is set on object 'Object Repository/input_User Name_username'

21-03-2024T11:57:37 - [MESSAGE][PASSED] - Text 'pepe' is set on object 'Object Repository/input_User Name_username'

21-03-2024T11:57:37 - [TEST_STEP][PASSED] - setEncryptedText(findTestObject("Object Repository/input_Password_password"), "tzH6RvlfSTg="): Text ****** has been set on object 'Object Repository/input_Password_password'

21-03-2024T11:57:37 - [MESSAGE][PASSED] - Text ****** has been set on object 'Object Repository/input_Password_password'

21-03-2024T11:57:37 - [TEST_STEP][PASSED] - click(findTestObject("Object Repository/button_Log In")): Object: 'Object Repository/button_Log In' is clicked on

21-03-2024T11:57:37 - [MESSAGE][PASSED] - Object: 'Object Repository/button_Log In' is clicked on

21-03-2024T11:57:37 - [TEST_STEP][PASSED] - verifyElementPresent(findTestObject("h1_Reservations"), 1): Object 'Object Repository/h1_Reservations' is present

21-03-2024T11:57:38 - [MESSAGE][PASSED] - Object 'Object Repository/h1_Reservations' is present]]></system-out>
         <system-err><![CDATA[]]></system-err>
      </testcase>
      <system-out><![CDATA[21-03-2024T11:57:05 - [TEST_SUITE][PASSED] - login: Test Cases/login/login01]]></system-out>
      <system-err><![CDATA[]]></system-err>
   </testsuite>
</testsuites>
